Analysis & Synthesis report for mips
Thu Mar 31 12:17:06 2022
Quartus Prime Version 18.1.1 Build 646 04/11/2019 SJ Lite Edition


---------------------
; Table of Contents ;
---------------------
  1. Legal Notice
  2. Analysis & Synthesis Summary
  3. Analysis & Synthesis Settings
  4. Parallel Compilation
  5. Analysis & Synthesis Source Files Read
  6. Analysis & Synthesis Resource Usage Summary
  7. Analysis & Synthesis Resource Utilization by Entity
  8. Analysis & Synthesis DSP Block Usage Summary
  9. Registers Removed During Synthesis
 10. General Register Statistics
 11. Multiplexer Restructuring Statistics (Restructuring Performed)
 12. Post-Synthesis Netlist Statistics for Top Partition
 13. Elapsed Time Per Partition
 14. Analysis & Synthesis Messages



----------------
; Legal Notice ;
----------------
Copyright (C) 2019  Intel Corporation. All rights reserved.
Your use of Intel Corporation's design tools, logic functions 
and other software and tools, and any partner logic 
functions, and any output files from any of the foregoing 
(including device programming or simulation files), and any 
associated documentation or information are expressly subject 
to the terms and conditions of the Intel Program License 
Subscription Agreement, the Intel Quartus Prime License Agreement,
the Intel FPGA IP License Agreement, or other applicable license
agreement, including, without limitation, that your use is for
the sole purpose of programming logic devices manufactured by
Intel and sold by Intel or its authorized distributors.  Please
refer to the applicable agreement for further details, at
https://fpgasoftware.intel.com/eula.



+-------------------------------------------------------------------------------+
; Analysis & Synthesis Summary                                                  ;
+---------------------------------+---------------------------------------------+
; Analysis & Synthesis Status     ; Successful - Thu Mar 31 12:17:06 2022       ;
; Quartus Prime Version           ; 18.1.1 Build 646 04/11/2019 SJ Lite Edition ;
; Revision Name                   ; mips                                        ;
; Top-level Entity Name           ; mips_16                                     ;
; Family                          ; Cyclone V                                   ;
; Logic utilization (in ALMs)     ; N/A                                         ;
; Total registers                 ; 4208                                        ;
; Total pins                      ; 34                                          ;
; Total virtual pins              ; 0                                           ;
; Total block memory bits         ; 0                                           ;
; Total DSP Blocks                ; 1                                           ;
; Total HSSI RX PCSs              ; 0                                           ;
; Total HSSI PMA RX Deserializers ; 0                                           ;
; Total HSSI TX PCSs              ; 0                                           ;
; Total HSSI PMA TX Serializers   ; 0                                           ;
; Total PLLs                      ; 0                                           ;
; Total DLLs                      ; 0                                           ;
+---------------------------------+---------------------------------------------+


+---------------------------------------------------------------------------------------------------------------------------+
; Analysis & Synthesis Settings                                                                                             ;
+---------------------------------------------------------------------------------+--------------------+--------------------+
; Option                                                                          ; Setting            ; Default Value      ;
+---------------------------------------------------------------------------------+--------------------+--------------------+
; Device                                                                          ; 5CGXFC7C7F23C8     ;                    ;
; Top-level entity name                                                           ; mips_16            ; mips               ;
; Family name                                                                     ; Cyclone V          ; Cyclone V          ;
; Use smart compilation                                                           ; Off                ; Off                ;
; Enable parallel Assembler and Timing Analyzer during compilation                ; On                 ; On                 ;
; Enable compact report table                                                     ; Off                ; Off                ;
; Restructure Multiplexers                                                        ; Auto               ; Auto               ;
; MLAB Add Timing Constraints For Mixed-Port Feed-Through Mode Setting Don't Care ; Off                ; Off                ;
; Create Debugging Nodes for IP Cores                                             ; Off                ; Off                ;
; Preserve fewer node names                                                       ; On                 ; On                 ;
; Intel FPGA IP Evaluation Mode                                                   ; Enable             ; Enable             ;
; Verilog Version                                                                 ; Verilog_2001       ; Verilog_2001       ;
; VHDL Version                                                                    ; VHDL_1993          ; VHDL_1993          ;
; State Machine Processing                                                        ; Auto               ; Auto               ;
; Safe State Machine                                                              ; Off                ; Off                ;
; Extract Verilog State Machines                                                  ; On                 ; On                 ;
; Extract VHDL State Machines                                                     ; On                 ; On                 ;
; Ignore Verilog initial constructs                                               ; Off                ; Off                ;
; Iteration limit for constant Verilog loops                                      ; 5000               ; 5000               ;
; Iteration limit for non-constant Verilog loops                                  ; 250                ; 250                ;
; Add Pass-Through Logic to Inferred RAMs                                         ; On                 ; On                 ;
; Infer RAMs from Raw Logic                                                       ; On                 ; On                 ;
; Parallel Synthesis                                                              ; On                 ; On                 ;
; DSP Block Balancing                                                             ; Auto               ; Auto               ;
; NOT Gate Push-Back                                                              ; On                 ; On                 ;
; Power-Up Don't Care                                                             ; On                 ; On                 ;
; Remove Redundant Logic Cells                                                    ; Off                ; Off                ;
; Remove Duplicate Registers                                                      ; On                 ; On                 ;
; Ignore CARRY Buffers                                                            ; Off                ; Off                ;
; Ignore CASCADE Buffers                                                          ; Off                ; Off                ;
; Ignore GLOBAL Buffers                                                           ; Off                ; Off                ;
; Ignore ROW GLOBAL Buffers                                                       ; Off                ; Off                ;
; Ignore LCELL Buffers                                                            ; Off                ; Off                ;
; Ignore SOFT Buffers                                                             ; On                 ; On                 ;
; Limit AHDL Integers to 32 Bits                                                  ; Off                ; Off                ;
; Optimization Technique                                                          ; Balanced           ; Balanced           ;
; Carry Chain Length                                                              ; 70                 ; 70                 ;
; Auto Carry Chains                                                               ; On                 ; On                 ;
; Auto Open-Drain Pins                                                            ; On                 ; On                 ;
; Perform WYSIWYG Primitive Resynthesis                                           ; Off                ; Off                ;
; Auto ROM Replacement                                                            ; On                 ; On                 ;
; Auto RAM Replacement                                                            ; On                 ; On                 ;
; Auto DSP Block Replacement                                                      ; On                 ; On                 ;
; Auto Shift Register Replacement                                                 ; Auto               ; Auto               ;
; Allow Shift Register Merging across Hierarchies                                 ; Auto               ; Auto               ;
; Auto Clock Enable Replacement                                                   ; On                 ; On                 ;
; Strict RAM Replacement                                                          ; Off                ; Off                ;
; Allow Synchronous Control Signals                                               ; On                 ; On                 ;
; Force Use of Synchronous Clear Signals                                          ; Off                ; Off                ;
; Auto Resource Sharing                                                           ; Off                ; Off                ;
; Allow Any RAM Size For Recognition                                              ; Off                ; Off                ;
; Allow Any ROM Size For Recognition                                              ; Off                ; Off                ;
; Allow Any Shift Register Size For Recognition                                   ; Off                ; Off                ;
; Use LogicLock Constraints during Resource Balancing                             ; On                 ; On                 ;
; Ignore translate_off and synthesis_off directives                               ; Off                ; Off                ;
; Timing-Driven Synthesis                                                         ; On                 ; On                 ;
; Report Parameter Settings                                                       ; On                 ; On                 ;
; Report Source Assignments                                                       ; On                 ; On                 ;
; Report Connectivity Checks                                                      ; On                 ; On                 ;
; Ignore Maximum Fan-Out Assignments                                              ; Off                ; Off                ;
; Synchronization Register Chain Length                                           ; 3                  ; 3                  ;
; Power Optimization During Synthesis                                             ; Normal compilation ; Normal compilation ;
; HDL message level                                                               ; Level2             ; Level2             ;
; Suppress Register Optimization Related Messages                                 ; Off                ; Off                ;
; Number of Removed Registers Reported in Synthesis Report                        ; 5000               ; 5000               ;
; Number of Swept Nodes Reported in Synthesis Report                              ; 5000               ; 5000               ;
; Number of Inverted Registers Reported in Synthesis Report                       ; 100                ; 100                ;
; Clock MUX Protection                                                            ; On                 ; On                 ;
; Auto Gated Clock Conversion                                                     ; Off                ; Off                ;
; Block Design Naming                                                             ; Auto               ; Auto               ;
; SDC constraint protection                                                       ; Off                ; Off                ;
; Synthesis Effort                                                                ; Auto               ; Auto               ;
; Shift Register Replacement - Allow Asynchronous Clear Signal                    ; On                 ; On                 ;
; Pre-Mapping Resynthesis Optimization                                            ; Off                ; Off                ;
; Analysis & Synthesis Message Level                                              ; Medium             ; Medium             ;
; Disable Register Merging Across Hierarchies                                     ; Auto               ; Auto               ;
; Resource Aware Inference For Block RAM                                          ; On                 ; On                 ;
; Automatic Parallel Synthesis                                                    ; On                 ; On                 ;
; Partial Reconfiguration Bitstream ID                                            ; Off                ; Off                ;
+---------------------------------------------------------------------------------+--------------------+--------------------+


+------------------------------------------+
; Parallel Compilation                     ;
+----------------------------+-------------+
; Processors                 ; Number      ;
+----------------------------+-------------+
; Number detected on machine ; 8           ;
; Maximum allowed            ; 4           ;
;                            ;             ;
; Average used               ; 1.00        ;
; Maximum used               ; 4           ;
;                            ;             ;
; Usage by Processor         ; % Time Used ;
;     Processor 1            ; 100.0%      ;
;     Processor 2            ;   0.1%      ;
;     Processor 3            ;   0.1%      ;
;     Processor 4            ;   0.0%      ;
+----------------------------+-------------+


+-----------------------------------------------------------------------------------------------------------------------------------------------------------------+
; Analysis & Synthesis Source Files Read                                                                                                                          ;
+----------------------------------+-----------------+------------------------+-------------------------------------------------------------------------+---------+
; File Name with User-Entered Path ; Used in Netlist ; File Type              ; File Name with Absolute Path                                            ; Library ;
+----------------------------------+-----------------+------------------------+-------------------------------------------------------------------------+---------+
; modified_mips.v                  ; yes             ; User Verilog HDL File  ; D:/Documents/Quartus Projects/EE705_Unit23_MIPS_Verilog/modified_mips.v ;         ;
+----------------------------------+-----------------+------------------------+-------------------------------------------------------------------------+---------+


+---------------------------------------------------------+
; Analysis & Synthesis Resource Usage Summary             ;
+---------------------------------------------+-----------+
; Resource                                    ; Usage     ;
+---------------------------------------------+-----------+
; Estimate of Logic utilization (ALMs needed) ; 2997      ;
;                                             ;           ;
; Combinational ALUT usage for logic          ; 2084      ;
;     -- 7 input functions                    ; 8         ;
;     -- 6 input functions                    ; 1575      ;
;     -- 5 input functions                    ; 114       ;
;     -- 4 input functions                    ; 66        ;
;     -- <=3 input functions                  ; 321       ;
;                                             ;           ;
; Dedicated logic registers                   ; 4208      ;
;                                             ;           ;
; I/O pins                                    ; 34        ;
;                                             ;           ;
; Total DSP Blocks                            ; 1         ;
;                                             ;           ;
; Maximum fan-out node                        ; clk~input ;
; Maximum fan-out                             ; 4208      ;
; Total fan-out                               ; 27982     ;
; Average fan-out                             ; 4.40      ;
+---------------------------------------------+-----------+


+---------------------------------------------------------------------------------------------------------------------------------------------------------------------------------------------------------------------------------------------------------------+
; Analysis & Synthesis Resource Utilization by Entity                                                                                                                                                                                                           ;
+-----------------------------------------------+---------------------+---------------------------+-------------------+------------+------+--------------+-------------------------------------------------------------+-------------------------+--------------+
; Compilation Hierarchy Node                    ; Combinational ALUTs ; Dedicated Logic Registers ; Block Memory Bits ; DSP Blocks ; Pins ; Virtual Pins ; Full Hierarchy Name                                         ; Entity Name             ; Library Name ;
+-----------------------------------------------+---------------------+---------------------------+-------------------+------------+------+--------------+-------------------------------------------------------------+-------------------------+--------------+
; |mips_16                                      ; 2084 (116)          ; 4208 (16)                 ; 0                 ; 1          ; 34   ; 0            ; |mips_16                                                    ; mips_16                 ; work         ;
;    |ALUControl:ALU_Control_unit|              ; 3 (3)               ; 0 (0)                     ; 0                 ; 0          ; 0    ; 0            ; |mips_16|ALUControl:ALU_Control_unit                        ; ALUControl              ; work         ;
;    |JR_Control:JRControl_unit|                ; 1 (1)               ; 0 (0)                     ; 0                 ; 0          ; 0    ; 0            ; |mips_16|JR_Control:JRControl_unit                          ; JR_Control              ; work         ;
;    |alu:alu_unit|                             ; 181 (151)           ; 0 (0)                     ; 0                 ; 1          ; 0    ; 0            ; |mips_16|alu:alu_unit                                       ; alu                     ; work         ;
;       |log_barrel_shifter_left:shifter_left|  ; 14 (14)             ; 0 (0)                     ; 0                 ; 0          ; 0    ; 0            ; |mips_16|alu:alu_unit|log_barrel_shifter_left:shifter_left  ; log_barrel_shifter_left ; work         ;
;       |log_barrel_shifter_left:shifter_right| ; 16 (16)             ; 0 (0)                     ; 0                 ; 0          ; 0    ; 0            ; |mips_16|alu:alu_unit|log_barrel_shifter_left:shifter_right ; log_barrel_shifter_left ; work         ;
;    |control:control_unit|                     ; 7 (7)               ; 0 (0)                     ; 0                 ; 0          ; 0    ; 0            ; |mips_16|control:control_unit                               ; control                 ; work         ;
;    |data_memory:datamem|                      ; 1684 (1684)         ; 4096 (4096)               ; 0                 ; 0          ; 0    ; 0            ; |mips_16|data_memory:datamem                                ; data_memory             ; work         ;
;    |instr_mem:instrucion_memory|              ; 33 (33)             ; 0 (0)                     ; 0                 ; 0          ; 0    ; 0            ; |mips_16|instr_mem:instrucion_memory                        ; instr_mem               ; work         ;
;    |register_file:reg_file|                   ; 59 (59)             ; 96 (96)                   ; 0                 ; 0          ; 0    ; 0            ; |mips_16|register_file:reg_file                             ; register_file           ; work         ;
+-----------------------------------------------+---------------------+---------------------------+-------------------+------------+------+--------------+-------------------------------------------------------------+-------------------------+--------------+
Note: For table entries with two numbers listed, the numbers in parentheses indicate the number of resources of the given type used by the specific entity alone. The numbers listed outside of parentheses indicate the total resources of the given type used by the specific entity and all of its sub-entities in the hierarchy.


+-----------------------------------------------+
; Analysis & Synthesis DSP Block Usage Summary  ;
+---------------------------------+-------------+
; Statistic                       ; Number Used ;
+---------------------------------+-------------+
; Independent 9x9                 ; 1           ;
; Total number of DSP blocks      ; 1           ;
;                                 ;             ;
; Fixed Point Unsigned Multiplier ; 1           ;
+---------------------------------+-------------+


+--------------------------------------------------------------+
; Registers Removed During Synthesis                           ;
+-----------------------------------------+--------------------+
; Register name                           ; Reason for Removal ;
+-----------------------------------------+--------------------+
; register_file:reg_file|reg_array[6][15] ; Lost fanout        ;
; register_file:reg_file|reg_array[5][15] ; Lost fanout        ;
; register_file:reg_file|reg_array[6][14] ; Lost fanout        ;
; register_file:reg_file|reg_array[5][14] ; Lost fanout        ;
; register_file:reg_file|reg_array[6][13] ; Lost fanout        ;
; register_file:reg_file|reg_array[5][13] ; Lost fanout        ;
; register_file:reg_file|reg_array[6][12] ; Lost fanout        ;
; register_file:reg_file|reg_array[5][12] ; Lost fanout        ;
; register_file:reg_file|reg_array[6][11] ; Lost fanout        ;
; register_file:reg_file|reg_array[5][11] ; Lost fanout        ;
; register_file:reg_file|reg_array[6][10] ; Lost fanout        ;
; register_file:reg_file|reg_array[5][10] ; Lost fanout        ;
; register_file:reg_file|reg_array[6][9]  ; Lost fanout        ;
; register_file:reg_file|reg_array[5][9]  ; Lost fanout        ;
; register_file:reg_file|reg_array[6][8]  ; Lost fanout        ;
; register_file:reg_file|reg_array[5][8]  ; Lost fanout        ;
; register_file:reg_file|reg_array[6][7]  ; Lost fanout        ;
; register_file:reg_file|reg_array[5][7]  ; Lost fanout        ;
; register_file:reg_file|reg_array[6][6]  ; Lost fanout        ;
; register_file:reg_file|reg_array[5][6]  ; Lost fanout        ;
; register_file:reg_file|reg_array[6][5]  ; Lost fanout        ;
; register_file:reg_file|reg_array[5][5]  ; Lost fanout        ;
; register_file:reg_file|reg_array[6][4]  ; Lost fanout        ;
; register_file:reg_file|reg_array[5][4]  ; Lost fanout        ;
; register_file:reg_file|reg_array[6][3]  ; Lost fanout        ;
; register_file:reg_file|reg_array[5][3]  ; Lost fanout        ;
; register_file:reg_file|reg_array[6][2]  ; Lost fanout        ;
; register_file:reg_file|reg_array[5][2]  ; Lost fanout        ;
; register_file:reg_file|reg_array[6][1]  ; Lost fanout        ;
; register_file:reg_file|reg_array[5][1]  ; Lost fanout        ;
; register_file:reg_file|reg_array[6][0]  ; Lost fanout        ;
; register_file:reg_file|reg_array[5][0]  ; Lost fanout        ;
; Total Number of Removed Registers = 32  ;                    ;
+-----------------------------------------+--------------------+


+------------------------------------------------------+
; General Register Statistics                          ;
+----------------------------------------------+-------+
; Statistic                                    ; Value ;
+----------------------------------------------+-------+
; Total registers                              ; 4208  ;
; Number of registers using Synchronous Clear  ; 4096  ;
; Number of registers using Synchronous Load   ; 13    ;
; Number of registers using Asynchronous Clear ; 112   ;
; Number of registers using Asynchronous Load  ; 0     ;
; Number of registers using Clock Enable       ; 4192  ;
; Number of registers using Preset             ; 0     ;
+----------------------------------------------+-------+


+----------------------------------------------------------------------------------------------------------------------------------------------------------------------------------+
; Multiplexer Restructuring Statistics (Restructuring Performed)                                                                                                                   ;
+--------------------+-----------+---------------+----------------------+------------------------+------------+--------------------------------------------------------------------+
; Multiplexer Inputs ; Bus Width ; Baseline Area ; Area if Restructured ; Saving if Restructured ; Registered ; Example Multiplexer Output                                         ;
+--------------------+-----------+---------------+----------------------+------------------------+------------+--------------------------------------------------------------------+
; 5:1                ; 13 bits   ; 39 LEs        ; 26 LEs               ; 13 LEs                 ; Yes        ; |mips_16|pc_current[5]                                             ;
; 3:1                ; 2 bits    ; 4 LEs         ; 4 LEs                ; 0 LEs                  ; No         ; |mips_16|alu:alu_unit|log_barrel_shifter_left:shifter_right|st2[0] ;
; 3:1                ; 2 bits    ; 4 LEs         ; 4 LEs                ; 0 LEs                  ; No         ; |mips_16|alu:alu_unit|log_barrel_shifter_left:shifter_left|st2[1]  ;
; 4:1                ; 2 bits    ; 4 LEs         ; 4 LEs                ; 0 LEs                  ; No         ; |mips_16|alu:alu_unit|log_barrel_shifter_left:shifter_left|st2[2]  ;
; 4:1                ; 18 bits   ; 36 LEs        ; 36 LEs               ; 0 LEs                  ; No         ; |mips_16|alu:alu_unit|log_barrel_shifter_left:shifter_left|st2[6]  ;
; 3:1                ; 2 bits    ; 4 LEs         ; 4 LEs                ; 0 LEs                  ; No         ; |mips_16|reg_write_dest[0]                                         ;
; 5:1                ; 16 bits   ; 48 LEs        ; 48 LEs               ; 0 LEs                  ; No         ; |mips_16|register_file:reg_file|reg_read_data_1[8]                 ;
; 5:1                ; 16 bits   ; 48 LEs        ; 48 LEs               ; 0 LEs                  ; No         ; |mips_16|register_file:reg_file|reg_read_data_2[9]                 ;
; 4:1                ; 16 bits   ; 32 LEs        ; 32 LEs               ; 0 LEs                  ; No         ; |mips_16|reg_write_data[1]                                         ;
; 13:1               ; 4 bits    ; 32 LEs        ; 32 LEs               ; 0 LEs                  ; No         ; |mips_16|alu:alu_unit|Mux10                                        ;
; 13:1               ; 4 bits    ; 32 LEs        ; 32 LEs               ; 0 LEs                  ; No         ; |mips_16|alu:alu_unit|Mux6                                         ;
; 16:1               ; 3 bits    ; 30 LEs        ; 30 LEs               ; 0 LEs                  ; No         ; |mips_16|alu:alu_unit|Mux13                                        ;
; 16:1               ; 4 bits    ; 40 LEs        ; 40 LEs               ; 0 LEs                  ; No         ; |mips_16|alu:alu_unit|Mux0                                         ;
+--------------------+-----------+---------------+----------------------+------------------------+------------+--------------------------------------------------------------------+


+-----------------------------------------------------+
; Post-Synthesis Netlist Statistics for Top Partition ;
+-----------------------+-----------------------------+
; Type                  ; Count                       ;
+-----------------------+-----------------------------+
; arriav_ff             ; 4208                        ;
;     CLR               ; 3                           ;
;     CLR SLD           ; 13                          ;
;     ENA CLR           ; 96                          ;
;     ENA SCLR          ; 4096                        ;
; arriav_lcell_comb     ; 2084                        ;
;     arith             ; 64                          ;
;         0 data inputs ; 2                           ;
;         1 data inputs ; 15                          ;
;         5 data inputs ; 47                          ;
;     extend            ; 8                           ;
;         7 data inputs ; 8                           ;
;     normal            ; 1996                        ;
;         2 data inputs ; 279                         ;
;         3 data inputs ; 21                          ;
;         4 data inputs ; 54                          ;
;         5 data inputs ; 67                          ;
;         6 data inputs ; 1575                        ;
;     shared            ; 16                          ;
;         1 data inputs ; 1                           ;
;         2 data inputs ; 3                           ;
;         4 data inputs ; 12                          ;
; arriav_mac            ; 1                           ;
; boundary_port         ; 34                          ;
;                       ;                             ;
; Max LUT depth         ; 13.40                       ;
; Average LUT depth     ; 7.51                        ;
+-----------------------+-----------------------------+


+-------------------------------+
; Elapsed Time Per Partition    ;
+----------------+--------------+
; Partition Name ; Elapsed Time ;
+----------------+--------------+
; Top            ; 00:00:16     ;
+----------------+--------------+


+-------------------------------+
; Analysis & Synthesis Messages ;
+-------------------------------+
Info: *******************************************************************
Info: Running Quartus Prime Analysis & Synthesis
    Info: Version 18.1.1 Build 646 04/11/2019 SJ Lite Edition
    Info: Processing started: Thu Mar 31 12:16:32 2022
Info: Command: quartus_map --read_settings_files=on --write_settings_files=off mips -c mips
Warning (18236): Number of processors has not been specified which may cause overloading on shared machines.  Set the global assignment NUM_PARALLEL_PROCESSORS in your QSF to an appropriate value for best performance.
Info (20030): Parallel compilation is enabled and will use 4 of the 4 processors detected
Info (12021): Found 10 design units, including 10 entities, in source file modified_mips.v
    Info (12023): Found entity 1: log_barrel_shifter_left File: D:/Documents/Quartus Projects/EE705_Unit23_MIPS_Verilog/modified_mips.v Line: 1
    Info (12023): Found entity 2: data_memory File: D:/Documents/Quartus Projects/EE705_Unit23_MIPS_Verilog/modified_mips.v Line: 75
    Info (12023): Found entity 3: ALUControl File: D:/Documents/Quartus Projects/EE705_Unit23_MIPS_Verilog/modified_mips.v Line: 93
    Info (12023): Found entity 4: JR_Control File: D:/Documents/Quartus Projects/EE705_Unit23_MIPS_Verilog/modified_mips.v Line: 113
    Info (12023): Found entity 5: control File: D:/Documents/Quartus Projects/EE705_Unit23_MIPS_Verilog/modified_mips.v Line: 119
    Info (12023): Found entity 6: alu File: D:/Documents/Quartus Projects/EE705_Unit23_MIPS_Verilog/modified_mips.v Line: 252
    Info (12023): Found entity 7: register_file File: D:/Documents/Quartus Projects/EE705_Unit23_MIPS_Verilog/modified_mips.v Line: 289
    Info (12023): Found entity 8: instr_mem File: D:/Documents/Quartus Projects/EE705_Unit23_MIPS_Verilog/modified_mips.v Line: 330
    Info (12023): Found entity 9: mips_16 File: D:/Documents/Quartus Projects/EE705_Unit23_MIPS_Verilog/modified_mips.v Line: 374
    Info (12023): Found entity 10: tb_mips16 File: D:/Documents/Quartus Projects/EE705_Unit23_MIPS_Verilog/modified_mips.v Line: 480
Info (12127): Elaborating entity "mips_16" for the top level hierarchy
Info (12128): Elaborating entity "instr_mem" for hierarchy "instr_mem:instrucion_memory" File: D:/Documents/Quartus Projects/EE705_Unit23_MIPS_Verilog/modified_mips.v Line: 411
Warning (10030): Net "rom.data_a" at modified_mips.v(344) has no driver or initial value, using a default initial value '0' File: D:/Documents/Quartus Projects/EE705_Unit23_MIPS_Verilog/modified_mips.v Line: 344
Warning (10030): Net "rom.waddr_a" at modified_mips.v(344) has no driver or initial value, using a default initial value '0' File: D:/Documents/Quartus Projects/EE705_Unit23_MIPS_Verilog/modified_mips.v Line: 344
Warning (10030): Net "rom.we_a" at modified_mips.v(344) has no driver or initial value, using a default initial value '0' File: D:/Documents/Quartus Projects/EE705_Unit23_MIPS_Verilog/modified_mips.v Line: 344
Info (12128): Elaborating entity "control" for hierarchy "control:control_unit" File: D:/Documents/Quartus Projects/EE705_Unit23_MIPS_Verilog/modified_mips.v Line: 417
Info (12128): Elaborating entity "register_file" for hierarchy "register_file:reg_file" File: D:/Documents/Quartus Projects/EE705_Unit23_MIPS_Verilog/modified_mips.v Line: 429
Info (12128): Elaborating entity "JR_Control" for hierarchy "JR_Control:JRControl_unit" File: D:/Documents/Quartus Projects/EE705_Unit23_MIPS_Verilog/modified_mips.v Line: 437
Info (12128): Elaborating entity "ALUControl" for hierarchy "ALUControl:ALU_Control_unit" File: D:/Documents/Quartus Projects/EE705_Unit23_MIPS_Verilog/modified_mips.v Line: 439
Info (12128): Elaborating entity "alu" for hierarchy "alu:alu_unit" File: D:/Documents/Quartus Projects/EE705_Unit23_MIPS_Verilog/modified_mips.v Line: 443
Info (12128): Elaborating entity "log_barrel_shifter_left" for hierarchy "alu:alu_unit|log_barrel_shifter_left:shifter_left" File: D:/Documents/Quartus Projects/EE705_Unit23_MIPS_Verilog/modified_mips.v Line: 280
Info (12128): Elaborating entity "data_memory" for hierarchy "data_memory:datamem" File: D:/Documents/Quartus Projects/EE705_Unit23_MIPS_Verilog/modified_mips.v Line: 465
Info (276014): Found 2 instances of uninferred RAM logic
    Info (276007): RAM logic "data_memory:datamem|ram" is uninferred due to asynchronous read logic File: D:/Documents/Quartus Projects/EE705_Unit23_MIPS_Verilog/modified_mips.v Line: 78
    Info (276004): RAM logic "instr_mem:instrucion_memory|rom" is uninferred due to inappropriate RAM size File: D:/Documents/Quartus Projects/EE705_Unit23_MIPS_Verilog/modified_mips.v Line: 344
Info (286030): Timing-Driven Synthesis is running
Info (17049): 32 registers lost all their fanouts during netlist optimizations.
Info (16010): Generating hard_block partition "hard_block:auto_generated_inst"
    Info (16011): Adding 0 node(s), including 0 DDIO, 0 PLL, 0 transceiver and 0 LCELL
Info (21057): Implemented 6311 device resources after synthesis - the final resource count might be different
    Info (21058): Implemented 2 input pins
    Info (21059): Implemented 32 output pins
    Info (21061): Implemented 6276 logic cells
    Info (21062): Implemented 1 DSP elements
Info: Quartus Prime Analysis & Synthesis was successful. 0 errors, 4 warnings
    Info: Peak virtual memory: 4860 megabytes
    Info: Processing ended: Thu Mar 31 12:17:06 2022
    Info: Elapsed time: 00:00:34
    Info: Total CPU time (on all processors): 00:00:59


